0 info it worked if it ends with ok
1 verbose cli [ '/usr/local/bin/node',
1 verbose cli   '/usr/local/bin/npm',
1 verbose cli   'install',
1 verbose cli   '/Users/sufei/Desktop/DEV/gemiiWepy/src/components/Message.wpy' ]
2 info using npm@3.8.6
3 info using node@v6.1.0
4 silly loadCurrentTree Starting
5 silly install loadCurrentTree
6 silly install readLocalPackageData
7 silly fetchPackageMetaData /Users/sufei/Desktop/DEV/gemiiWepy/src/components/Message.wpy
8 silly fetchOtherPackageData /Users/sufei/Desktop/DEV/gemiiWepy/src/components/Message.wpy
9 silly cache add args [ '/Users/sufei/Desktop/DEV/gemiiWepy/src/components/Message.wpy',
9 silly cache add   null ]
10 verbose cache add spec /Users/sufei/Desktop/DEV/gemiiWepy/src/components/Message.wpy
11 silly cache add parsed spec Result {
11 silly cache add   raw: '/Users/sufei/Desktop/DEV/gemiiWepy/src/components/Message.wpy',
11 silly cache add   scope: null,
11 silly cache add   name: null,
11 silly cache add   rawSpec: '/Users/sufei/Desktop/DEV/gemiiWepy/src/components/Message.wpy',
11 silly cache add   spec: '/Users/sufei/Desktop/DEV/gemiiWepy/src/components/Message.wpy',
11 silly cache add   type: 'local' }
12 silly addLocalTarball shasum (computed) 21c9fc4e3102662aae7b9312362ee5c32530f614
13 verbose addTmpTarball /Users/sufei/Desktop/DEV/gemiiWepy/src/components/Message.wpy not in flight; adding
14 verbose correctMkdir /Users/sufei/.npm correctMkdir not in flight; initializing
15 verbose addTmpTarball validating metadata from /Users/sufei/Desktop/DEV/gemiiWepy/src/components/Message.wpy
16 verbose tar unpack /Users/sufei/Desktop/DEV/gemiiWepy/src/components/Message.wpy
17 verbose tar unpacking to /var/folders/4c/szn84db53zsgl1nsgytqzb5c0000gn/T/npm-40726-4d2dabe6/unpack-29f6dd42
18 silly gentlyRm /var/folders/4c/szn84db53zsgl1nsgytqzb5c0000gn/T/npm-40726-4d2dabe6/unpack-29f6dd42 is being purged
19 verbose gentlyRm don't care about contents; nuking /var/folders/4c/szn84db53zsgl1nsgytqzb5c0000gn/T/npm-40726-4d2dabe6/unpack-29f6dd42
20 silly gunzTarPerm modes [ '755', '644' ]
21 error not a package /Users/sufei/Desktop/DEV/gemiiWepy/src/components/Message.wpy
22 error addLocal Could not install /Users/sufei/Desktop/DEV/gemiiWepy/src/components/Message.wpy
23 silly fetchPackageMetaData Error: ENOENT: no such file or directory, open '/var/folders/4c/szn84db53zsgl1nsgytqzb5c0000gn/T/npm-40726-4d2dabe6/unpack-29f6dd42/package.json'
23 silly fetchPackageMetaData     at Error (native)
23 silly fetchPackageMetaData  error for /Users/sufei/Desktop/DEV/gemiiWepy/src/components/Message.wpy { Error: ENOENT: no such file or directory, open '/var/folders/4c/szn84db53zsgl1nsgytqzb5c0000gn/T/npm-40726-4d2dabe6/unpack-29f6dd42/package.json'
23 silly fetchPackageMetaData     at Error (native)
23 silly fetchPackageMetaData   errno: -2,
23 silly fetchPackageMetaData   code: 'ENOENT',
23 silly fetchPackageMetaData   syscall: 'open',
23 silly fetchPackageMetaData   path: '/var/folders/4c/szn84db53zsgl1nsgytqzb5c0000gn/T/npm-40726-4d2dabe6/unpack-29f6dd42/package.json' }
24 silly rollbackFailedOptional Starting
25 silly rollbackFailedOptional Finishing
26 silly runTopLevelLifecycles Starting
27 silly runTopLevelLifecycles Finishing
28 silly install printInstalled
29 verbose stack Error: ENOENT: no such file or directory, open '/var/folders/4c/szn84db53zsgl1nsgytqzb5c0000gn/T/npm-40726-4d2dabe6/unpack-29f6dd42/package.json'
29 verbose stack     at Error (native)
30 verbose cwd /Users/sufei/Desktop/DEV/gemiiWepy
31 error Darwin 16.7.0
32 error argv "/usr/local/bin/node" "/usr/local/bin/npm" "install" "/Users/sufei/Desktop/DEV/gemiiWepy/src/components/Message.wpy"
33 error node v6.1.0
34 error npm  v3.8.6
35 error path /var/folders/4c/szn84db53zsgl1nsgytqzb5c0000gn/T/npm-40726-4d2dabe6/unpack-29f6dd42/package.json
36 error code ENOENT
37 error errno -2
38 error syscall open
39 error enoent ENOENT: no such file or directory, open '/var/folders/4c/szn84db53zsgl1nsgytqzb5c0000gn/T/npm-40726-4d2dabe6/unpack-29f6dd42/package.json'
40 error enoent ENOENT: no such file or directory, open '/var/folders/4c/szn84db53zsgl1nsgytqzb5c0000gn/T/npm-40726-4d2dabe6/unpack-29f6dd42/package.json'
40 error enoent This is most likely not a problem with npm itself
40 error enoent and is related to npm not being able to find a file.
41 verbose exit [ -2, true ]
